2021-05-12T20:29:51.375Z - [error]: could not detect network (event="noNetwork", code=NETWORK_ERROR, version=providers/5.1.2)
2021-05-12T20:30:44.351Z - [error]: Invalid JSON RPC response: "404 page not found\n"
2021-05-12T20:56:37.294Z - [info]: +++++++++++++++++++++++++++++++++++++++++++++++++++++++++++++++++++++
2021-05-12T20:56:37.296Z - [info]: EPOCH DATA: epoch 6 submit will end in: 36706ms, reveal in: 66706ms, submitPeriod: 120000ms, revealPeriod: 30000ms
2021-05-12T20:57:14.000Z - [info]: SUBMIT ENDED FOR  6
2021-05-12T20:57:14.000Z - [info]: -------------------------------------------------------------
2021-05-12T20:57:14.103Z - [info]: +++++++++++++++++++++++++++++++++++++++++++++++++++++++++++++++++++++
2021-05-12T20:57:14.103Z - [info]: EPOCH DATA: epoch 7 submit will end in: 119897ms, reveal in: 149897ms, submitPeriod: 120000ms, revealPeriod: 30000ms
2021-05-12T20:57:44.000Z - [info]: REVEAL ENDED FOR 6
2021-05-12T20:57:44.001Z - [info]: +++++++++++++++++++++++++++++++++++++++++++++++++++++++++++++++++++++
2021-05-12T20:58:37.994Z - [info]: +++++++++++++++++++++++++++++++++++++++++++++++++++++++++++++++++++++
2021-05-12T20:58:37.996Z - [info]: EPOCH DATA: epoch 7 submit will end in: 36006ms, reveal in: 66006ms, submitPeriod: 120000ms, revealPeriod: 30000ms
2021-05-12T20:59:14.002Z - [info]: SUBMIT ENDED FOR  7
2021-05-12T20:59:14.002Z - [info]: -------------------------------------------------------------
2021-05-12T20:59:14.104Z - [info]: +++++++++++++++++++++++++++++++++++++++++++++++++++++++++++++++++++++
2021-05-12T20:59:14.104Z - [info]: EPOCH DATA: epoch 8 submit will end in: 119896ms, reveal in: 149896ms, submitPeriod: 120000ms, revealPeriod: 30000ms
2021-05-12T20:59:44.002Z - [info]: REVEAL ENDED FOR 7
2021-05-12T20:59:44.002Z - [info]: +++++++++++++++++++++++++++++++++++++++++++++++++++++++++++++++++++++
2021-05-12T21:00:51.694Z - [info]: +++++++++++++++++++++++++++++++++++++++++++++++++++++++++++++++++++++
2021-05-12T21:00:51.696Z - [info]: EPOCH DATA: epoch 8 submit will end in: 22307ms, reveal in: 52307ms, submitPeriod: 120000ms, revealPeriod: 30000ms
2021-05-12T21:01:14.000Z - [info]: SUBMIT ENDED FOR  8
2021-05-12T21:01:14.001Z - [info]: -------------------------------------------------------------
2021-05-12T21:01:14.103Z - [info]: +++++++++++++++++++++++++++++++++++++++++++++++++++++++++++++++++++++
2021-05-12T21:01:14.104Z - [info]: EPOCH DATA: epoch 9 submit will end in: 119897ms, reveal in: 149897ms, submitPeriod: 120000ms, revealPeriod: 30000ms
2021-05-12T21:01:44.000Z - [info]: REVEAL ENDED FOR 8
2021-05-12T21:01:44.000Z - [info]: +++++++++++++++++++++++++++++++++++++++++++++++++++++++++++++++++++++
2021-05-12T21:02:34.314Z - [info]: RandomPriceProvider(XRP/USD) | Submitting price: 4.00000 $ for 3
2021-05-12T21:04:28.006Z - [info]: +++++++++++++++++++++++++++++++++++++++++++++++++++++++++++++++++++++
2021-05-12T21:04:28.008Z - [info]: EPOCH DATA: epoch 10 submit will end in: 45994ms, reveal in: 75994ms, submitPeriod: 120000ms, revealPeriod: 30000ms
2021-05-12T21:04:34.510Z - [info]: RandomPriceProvider(XRP/USD) | Submitting price: 1.00000 $ for 3
2021-05-12T21:05:34.769Z - [info]: +++++++++++++++++++++++++++++++++++++++++++++++++++++++++++++++++++++
2021-05-12T21:05:34.771Z - [info]: EPOCH DATA: epoch 11 submit will end in: 99231ms, reveal in: 129231ms, submitPeriod: 120000ms, revealPeriod: 30000ms
2021-05-12T21:06:34.342Z - [info]: RandomPriceProvider(XRP/USD) | Submitting price: 3.00000 $ for 3
2021-05-12T21:07:14.000Z - [info]: SUBMIT ENDED FOR  11
2021-05-12T21:07:14.001Z - [info]: -------------------------------------------------------------
2021-05-12T21:07:14.102Z - [info]: +++++++++++++++++++++++++++++++++++++++++++++++++++++++++++++++++++++
2021-05-12T21:07:14.102Z - [info]: EPOCH DATA: epoch 12 submit will end in: 119898ms, reveal in: 149898ms, submitPeriod: 120000ms, revealPeriod: 30000ms
2021-05-12T21:07:34.405Z - [info]: RandomPriceProvider(XRP/USD) | No price to reveal in 11 in yet. Trying again in 1s...
2021-05-12T21:07:35.405Z - [info]: RandomPriceProvider(XRP/USD) | No price to reveal in 11 in yet. Trying again in 1s...
2021-05-12T21:07:36.406Z - [info]: RandomPriceProvider(XRP/USD) | No price to reveal in 11 in yet. Trying again in 1s...
2021-05-12T21:07:37.407Z - [info]: RandomPriceProvider(XRP/USD) | No price to reveal in 11 in yet. Trying again in 1s...
2021-05-12T21:07:38.408Z - [info]: RandomPriceProvider(XRP/USD) | No price to reveal in 11 in yet. Trying again in 1s...
2021-05-12T21:07:39.409Z - [info]: RandomPriceProvider(XRP/USD) | No price to reveal in 11 in yet. Trying again in 1s...
2021-05-12T21:07:40.410Z - [info]: RandomPriceProvider(XRP/USD) | No price to reveal in 11 in yet. Trying again in 1s...
2021-05-12T21:07:41.410Z - [info]: RandomPriceProvider(XRP/USD) | No price to reveal in 11 in yet. Trying again in 1s...
2021-05-12T21:07:42.411Z - [info]: RandomPriceProvider(XRP/USD) | No price to reveal in 11 in yet. Trying again in 1s...
2021-05-12T21:10:45.389Z - [info]: +++++++++++++++++++++++++++++++++++++++++++++++++++++++++++++++++++++
2021-05-12T21:10:45.391Z - [info]: EPOCH DATA: epoch 13 submit will end in: 28611ms, reveal in: 58611ms, submitPeriod: 120000ms, revealPeriod: 30000ms
2021-05-12T21:11:14.001Z - [info]: SUBMIT ENDED FOR  13
2021-05-12T21:11:14.001Z - [info]: -------------------------------------------------------------
2021-05-12T21:11:14.103Z - [info]: +++++++++++++++++++++++++++++++++++++++++++++++++++++++++++++++++++++
2021-05-12T21:11:14.103Z - [info]: EPOCH DATA: epoch 14 submit will end in: 119898ms, reveal in: 149898ms, submitPeriod: 120000ms, revealPeriod: 30000ms
2021-05-12T21:11:44.000Z - [info]: REVEAL ENDED FOR 13
2021-05-12T21:11:44.000Z - [info]: +++++++++++++++++++++++++++++++++++++++++++++++++++++++++++++++++++++
2021-05-12T21:12:34.519Z - [info]: RandomPriceProvider(XRP/USD) | Submitting price: 5.00000 $ for 14
2021-05-12T21:12:34.523Z - [info]: RandomPriceProvider(XDG/USD) | Submitting price: 4.00000 $ for 14
2021-05-12T21:12:34.548Z - [error]: RandomPriceProvider(XDG/USD) | Nonce sent: 77 | signAndFinalize3 error: Returned error: replacement transaction underpriced
2021-05-12T21:13:14.001Z - [info]: SUBMIT ENDED FOR  14
2021-05-12T21:13:14.001Z - [info]: -------------------------------------------------------------
2021-05-12T21:13:14.102Z - [info]: +++++++++++++++++++++++++++++++++++++++++++++++++++++++++++++++++++++
2021-05-12T21:13:14.103Z - [info]: EPOCH DATA: epoch 15 submit will end in: 119898ms, reveal in: 149898ms, submitPeriod: 120000ms, revealPeriod: 30000ms
2021-05-12T21:13:34.076Z - [info]: RandomPriceProvider(XRP/USD) | Revealing price for 14
2021-05-12T21:13:34.079Z - [info]: RandomPriceProvider(XDG/USD) | Revealing price for 14
2021-05-12T21:13:37.164Z - [error]: RandomPriceProvider(XDG/USD) | Nonce sent: 79 | signAndFinalize3 error: Error: Your request got reverted with the following reason string: Price already revealed or not valid
2021-05-12T21:13:37.165Z - [error]: RandomPriceProvider(XRP/USD) | Nonce sent: 78 | signAndFinalize3 error: Error: Your request got reverted with the following reason string: Insufficient vote power to submit vote
2021-05-12T21:13:44.000Z - [info]: REVEAL ENDED FOR 14
2021-05-12T21:13:44.000Z - [info]: +++++++++++++++++++++++++++++++++++++++++++++++++++++++++++++++++++++
2021-05-12T21:14:34.159Z - [info]: RandomPriceProvider(XDG/USD) | Submitting price: 1.00000 $ for 15
2021-05-12T21:14:34.162Z - [info]: RandomPriceProvider(XRP/USD) | Submitting price: 5.00000 $ for 15
2021-05-12T21:14:34.190Z - [error]: RandomPriceProvider(XRP/USD) | Nonce sent: 80 | signAndFinalize3 error: Returned error: replacement transaction underpriced
2021-05-12T21:15:14.000Z - [info]: SUBMIT ENDED FOR  15
2021-05-12T21:15:14.000Z - [info]: -------------------------------------------------------------
2021-05-12T21:15:14.102Z - [info]: +++++++++++++++++++++++++++++++++++++++++++++++++++++++++++++++++++++
2021-05-12T21:15:14.103Z - [info]: EPOCH DATA: epoch 16 submit will end in: 119898ms, reveal in: 149898ms, submitPeriod: 120000ms, revealPeriod: 30000ms
2021-05-12T21:15:34.219Z - [info]: RandomPriceProvider(XRP/USD) | Revealing price for 15
2021-05-12T21:15:34.220Z - [info]: RandomPriceProvider(XDG/USD) | Revealing price for 15
2021-05-12T21:15:37.284Z - [error]: RandomPriceProvider(XDG/USD) | Nonce sent: 82 | signAndFinalize3 error: Error: Your request got reverted with the following reason string: Insufficient vote power to submit vote
2021-05-12T21:15:37.286Z - [error]: RandomPriceProvider(XRP/USD) | Nonce sent: 81 | signAndFinalize3 error: Error: Your request got reverted with the following reason string: Price already revealed or not valid
2021-05-12T21:15:44.000Z - [info]: REVEAL ENDED FOR 15
2021-05-12T21:15:44.000Z - [info]: +++++++++++++++++++++++++++++++++++++++++++++++++++++++++++++++++++++
2021-05-12T21:16:34.303Z - [info]: RandomPriceProvider(XRP/USD) | Submitting price: 5.00000 $ for 16
2021-05-12T21:16:34.310Z - [info]: RandomPriceProvider(XDG/USD) | Submitting price: 5.00000 $ for 16
2021-05-12T21:16:34.349Z - [error]: RandomPriceProvider(XDG/USD) | Nonce sent: 83 | signAndFinalize3 error: Returned error: replacement transaction underpriced
2021-05-12T21:17:14.000Z - [info]: SUBMIT ENDED FOR  16
2021-05-12T21:17:14.000Z - [info]: -------------------------------------------------------------
2021-05-12T21:17:14.101Z - [info]: +++++++++++++++++++++++++++++++++++++++++++++++++++++++++++++++++++++
2021-05-12T21:17:14.101Z - [info]: EPOCH DATA: epoch 17 submit will end in: 119899ms, reveal in: 149899ms, submitPeriod: 120000ms, revealPeriod: 30000ms
2021-05-12T21:17:34.370Z - [info]: RandomPriceProvider(XRP/USD) | Revealing price for 16
2021-05-12T21:17:34.372Z - [info]: RandomPriceProvider(XDG/USD) | Revealing price for 16
2021-05-12T21:17:37.426Z - [error]: RandomPriceProvider(XRP/USD) | Nonce sent: 84 | signAndFinalize3 error: Error: Your request got reverted with the following reason string: Insufficient vote power to submit vote
2021-05-12T21:17:37.427Z - [error]: RandomPriceProvider(XDG/USD) | Nonce sent: 85 | signAndFinalize3 error: Error: Your request got reverted with the following reason string: Price already revealed or not valid
2021-05-12T21:17:44.000Z - [info]: REVEAL ENDED FOR 16
2021-05-12T21:17:44.000Z - [info]: +++++++++++++++++++++++++++++++++++++++++++++++++++++++++++++++++++++
2021-05-12T21:21:46.145Z - [info]: +++++++++++++++++++++++++++++++++++++++++++++++++++++++++++++++++++++
2021-05-12T21:21:46.147Z - [info]: EPOCH DATA: epoch 19 submit will end in: 87855ms, reveal in: 117855ms, submitPeriod: 120000ms, revealPeriod: 30000ms
2021-05-12T21:22:34.205Z - [info]: RandomPriceProvider(XRP/USD) | Submitting price: 1.00000 $ for 19
2021-05-12T21:22:34.209Z - [info]: RandomPriceProvider(XDG/USD) | Submitting price: 5.00000 $ for 19
2021-05-12T21:22:34.236Z - [error]: RandomPriceProvider(XRP/USD) | Nonce sent: 0 | signAndFinalize3 error: Returned error: insufficient funds for gas * price + value, balance: 0, cost: 90000000000000000
2021-05-12T21:22:34.236Z - [error]: RandomPriceProvider(XDG/USD) | Nonce sent: 0 | signAndFinalize3 error: Returned error: insufficient funds for gas * price + value, balance: 0, cost: 90000000000000000
2021-05-12T21:23:14.000Z - [info]: SUBMIT ENDED FOR  19
2021-05-12T21:23:14.001Z - [info]: -------------------------------------------------------------
2021-05-12T21:23:14.102Z - [info]: +++++++++++++++++++++++++++++++++++++++++++++++++++++++++++++++++++++
2021-05-12T21:23:14.103Z - [info]: EPOCH DATA: epoch 20 submit will end in: 119898ms, reveal in: 149898ms, submitPeriod: 120000ms, revealPeriod: 30000ms
2021-05-12T21:23:34.263Z - [info]: RandomPriceProvider(XRP/USD) | Revealing price for 19
2021-05-12T21:23:34.265Z - [info]: RandomPriceProvider(XDG/USD) | Revealing price for 19
2021-05-12T21:23:34.291Z - [error]: RandomPriceProvider(XRP/USD) | Nonce sent: 0 | signAndFinalize3 error: Returned error: insufficient funds for gas * price + value, balance: 0, cost: 90000000000000000
2021-05-12T21:23:34.292Z - [error]: RandomPriceProvider(XDG/USD) | Nonce sent: 0 | signAndFinalize3 error: Returned error: insufficient funds for gas * price + value, balance: 0, cost: 90000000000000000
2021-05-12T21:28:09.614Z - [info]: +++++++++++++++++++++++++++++++++++++++++++++++++++++++++++++++++++++
2021-05-12T21:28:09.616Z - [info]: EPOCH DATA: epoch 22 submit will end in: 64386ms, reveal in: 94386ms, submitPeriod: 120000ms, revealPeriod: 30000ms
2021-05-12T21:29:14.851Z - [info]: +++++++++++++++++++++++++++++++++++++++++++++++++++++++++++++++++++++
2021-05-12T21:29:14.854Z - [info]: EPOCH DATA: epoch 23 submit will end in: 119149ms, reveal in: 149149ms, submitPeriod: 120000ms, revealPeriod: 30000ms
2021-05-12T21:30:34.429Z - [info]: RandomPriceProvider(XDG/USD) | Submitting price: 1.00000 $ for 23
2021-05-12T21:30:34.431Z - [info]: RandomPriceProvider(XRP/USD) | Submitting price: 4.00000 $ for 23
2021-05-12T21:30:34.456Z - [error]: RandomPriceProvider(XDG/USD) | Nonce sent: 0 | signAndFinalize3 error: Returned error: insufficient funds for gas * price + value, balance: 0, cost: 90000000000000000
2021-05-12T21:30:34.456Z - [error]: RandomPriceProvider(XRP/USD) | Nonce sent: 0 | signAndFinalize3 error: Returned error: insufficient funds for gas * price + value, balance: 0, cost: 90000000000000000
2021-05-12T21:31:14.001Z - [info]: SUBMIT ENDED FOR  23
2021-05-12T21:31:14.002Z - [info]: -------------------------------------------------------------
2021-05-12T21:31:14.105Z - [info]: +++++++++++++++++++++++++++++++++++++++++++++++++++++++++++++++++++++
2021-05-12T21:31:14.105Z - [info]: EPOCH DATA: epoch 24 submit will end in: 119895ms, reveal in: 149895ms, submitPeriod: 120000ms, revealPeriod: 30000ms
2021-05-12T21:31:34.487Z - [info]: RandomPriceProvider(XRP/USD) | Revealing price for 23
2021-05-12T21:31:34.488Z - [info]: RandomPriceProvider(XDG/USD) | Revealing price for 23
2021-05-12T21:31:34.508Z - [error]: RandomPriceProvider(XDG/USD) | Nonce sent: 0 | signAndFinalize3 error: Returned error: insufficient funds for gas * price + value, balance: 0, cost: 90000000000000000
2021-05-12T21:31:34.509Z - [error]: RandomPriceProvider(XRP/USD) | Nonce sent: 0 | signAndFinalize3 error: Returned error: insufficient funds for gas * price + value, balance: 0, cost: 90000000000000000
2021-05-12T21:31:44.001Z - [info]: REVEAL ENDED FOR 23
2021-05-12T21:31:44.002Z - [info]: +++++++++++++++++++++++++++++++++++++++++++++++++++++++++++++++++++++
2021-05-12T21:32:34.074Z - [info]: RandomPriceProvider(XRP/USD) | Submitting price: 1.00000 $ for 24
2021-05-12T21:32:34.082Z - [info]: RandomPriceProvider(XDG/USD) | Submitting price: 1.00000 $ for 24
2021-05-12T21:32:34.113Z - [error]: RandomPriceProvider(XRP/USD) | Nonce sent: 0 | signAndFinalize3 error: Returned error: insufficient funds for gas * price + value, balance: 0, cost: 90000000000000000
2021-05-12T21:32:34.115Z - [error]: RandomPriceProvider(XDG/USD) | Nonce sent: 0 | signAndFinalize3 error: Returned error: insufficient funds for gas * price + value, balance: 0, cost: 90000000000000000
2021-05-12T21:34:33.944Z - [info]: +++++++++++++++++++++++++++++++++++++++++++++++++++++++++++++++++++++
2021-05-12T21:34:33.946Z - [info]: EPOCH DATA: epoch 25 submit will end in: 40056ms, reveal in: 70056ms, submitPeriod: 120000ms, revealPeriod: 30000ms
2021-05-12T21:34:34.441Z - [info]: RandomPriceProvider(XRP/USD) | Submitting price: 1.00000 $ for 25
2021-05-12T21:34:34.444Z - [info]: RandomPriceProvider(XDG/USD) | Submitting price: 2.00000 $ for 25
2021-05-12T21:34:34.473Z - [error]: RandomPriceProvider(XDG/USD) | Nonce sent: 96 | signAndFinalize3 error: Returned error: replacement transaction underpriced
2021-05-12T21:35:14.002Z - [info]: SUBMIT ENDED FOR  25
2021-05-12T21:35:14.002Z - [info]: -------------------------------------------------------------
2021-05-12T21:35:14.104Z - [info]: +++++++++++++++++++++++++++++++++++++++++++++++++++++++++++++++++++++
2021-05-12T21:35:14.104Z - [info]: EPOCH DATA: epoch 26 submit will end in: 119896ms, reveal in: 149896ms, submitPeriod: 120000ms, revealPeriod: 30000ms
2021-05-12T21:35:34.503Z - [info]: RandomPriceProvider(XRP/USD) | Revealing price for 25
2021-05-12T21:35:34.506Z - [info]: RandomPriceProvider(XDG/USD) | Revealing price for 25
2021-05-12T21:35:38.594Z - [error]: RandomPriceProvider(XDG/USD) | Nonce sent: 98 | signAndFinalize3 error: Error: Your request got reverted with the following reason string: Price already revealed or not valid
2021-05-12T21:35:38.594Z - [error]: RandomPriceProvider(XRP/USD) | Nonce sent: 97 | signAndFinalize3 error: Error: Your request got reverted with the following reason string: Insufficient vote power to submit vote
2021-05-12T21:35:44.001Z - [info]: REVEAL ENDED FOR 25
2021-05-12T21:35:44.001Z - [info]: +++++++++++++++++++++++++++++++++++++++++++++++++++++++++++++++++++++
2021-05-12T21:36:28.491Z - [info]: +++++++++++++++++++++++++++++++++++++++++++++++++++++++++++++++++++++
2021-05-12T21:36:28.493Z - [info]: EPOCH DATA: epoch 26 submit will end in: 45509ms, reveal in: 75509ms, submitPeriod: 120000ms, revealPeriod: 30000ms
2021-05-12T21:36:34.493Z - [info]: RandomPriceProvider(XDG/USD) | Submitting price: 5.00000 $ for 26
2021-05-12T21:36:34.494Z - [info]: RandomPriceProvider(XRP/USD) | Submitting price: 3.00000 $ for 26
2021-05-12T21:36:34.517Z - [error]: RandomPriceProvider(XRP/USD) | Nonce sent: 99 | signAndFinalize3 error: Returned error: replacement transaction underpriced
2021-05-12T21:38:50.572Z - [info]: +++++++++++++++++++++++++++++++++++++++++++++++++++++++++++++++++++++
2021-05-12T21:38:50.575Z - [info]: EPOCH DATA: epoch 27 submit will end in: 23428ms, reveal in: 53428ms, submitPeriod: 120000ms, revealPeriod: 30000ms
2021-05-12T21:39:14.001Z - [info]: SUBMIT ENDED FOR  27
2021-05-12T21:39:14.002Z - [info]: -------------------------------------------------------------
2021-05-12T21:39:14.104Z - [info]: +++++++++++++++++++++++++++++++++++++++++++++++++++++++++++++++++++++
2021-05-12T21:39:14.104Z - [info]: EPOCH DATA: epoch 28 submit will end in: 119896ms, reveal in: 149896ms, submitPeriod: 120000ms, revealPeriod: 30000ms
2021-05-12T21:39:44.002Z - [info]: REVEAL ENDED FOR 27
2021-05-12T21:39:44.002Z - [info]: +++++++++++++++++++++++++++++++++++++++++++++++++++++++++++++++++++++
2021-05-12T21:40:34.205Z - [info]: RandomPriceProvider(XRP/USD) | Submitting price: 5.00000 $ for 28
2021-05-12T21:40:39.247Z - [info]: RandomPriceProvider(XDG/USD) | Submitting price: 5.00000 $ for 28
2021-05-12T21:41:14.000Z - [info]: SUBMIT ENDED FOR  28
2021-05-12T21:41:14.001Z - [info]: -------------------------------------------------------------
2021-05-12T21:41:14.102Z - [info]: +++++++++++++++++++++++++++++++++++++++++++++++++++++++++++++++++++++
2021-05-12T21:41:14.102Z - [info]: EPOCH DATA: epoch 29 submit will end in: 119898ms, reveal in: 149898ms, submitPeriod: 120000ms, revealPeriod: 30000ms
2021-05-12T21:41:34.346Z - [info]: RandomPriceProvider(XRP/USD) | Revealing price for 28
2021-05-12T21:41:39.391Z - [info]: RandomPriceProvider(XRP/USD) | Reveal finished for 28 in 5044ms
2021-05-12T21:41:39.391Z - [info]: RandomPriceProvider(XDG/USD) | Revealing price for 28
2021-05-12T21:41:44.000Z - [info]: REVEAL ENDED FOR 28
2021-05-12T21:41:44.001Z - [info]: +++++++++++++++++++++++++++++++++++++++++++++++++++++++++++++++++++++
2021-05-12T21:41:45.426Z - [info]: RandomPriceProvider(XDG/USD) | Reveal finished for 28 in 6035ms
2021-05-12T21:42:34.495Z - [info]: RandomPriceProvider(XRP/USD) | Submitting price: 5.00000 $ for 29
2021-05-12T21:42:38.537Z - [info]: RandomPriceProvider(XDG/USD) | Submitting price: 5.00000 $ for 29
2021-05-12T21:43:14.001Z - [info]: SUBMIT ENDED FOR  29
2021-05-12T21:43:14.001Z - [info]: -------------------------------------------------------------
2021-05-12T21:43:14.102Z - [info]: +++++++++++++++++++++++++++++++++++++++++++++++++++++++++++++++++++++
2021-05-12T21:43:14.102Z - [info]: EPOCH DATA: epoch 30 submit will end in: 119899ms, reveal in: 149899ms, submitPeriod: 120000ms, revealPeriod: 30000ms
2021-05-12T21:43:34.130Z - [info]: RandomPriceProvider(XRP/USD) | Revealing price for 29
2021-05-12T21:43:39.177Z - [info]: RandomPriceProvider(XRP/USD) | Reveal finished for 29 in 5047ms
2021-05-12T21:43:39.177Z - [info]: RandomPriceProvider(XDG/USD) | Revealing price for 29
2021-05-12T21:43:44.002Z - [info]: REVEAL ENDED FOR 29
2021-05-12T21:43:44.002Z - [info]: +++++++++++++++++++++++++++++++++++++++++++++++++++++++++++++++++++++
2021-05-12T21:43:45.208Z - [info]: RandomPriceProvider(XDG/USD) | Reveal finished for 29 in 6030ms
2021-05-12T21:44:34.278Z - [info]: RandomPriceProvider(XRP/USD) | Submitting price: 3.00000 $ for 30
2021-05-12T21:44:39.305Z - [info]: RandomPriceProvider(XDG/USD) | Submitting price: 4.00000 $ for 30
2021-05-12T21:45:14.000Z - [info]: SUBMIT ENDED FOR  30
2021-05-12T21:45:14.000Z - [info]: -------------------------------------------------------------
2021-05-12T21:45:14.101Z - [info]: +++++++++++++++++++++++++++++++++++++++++++++++++++++++++++++++++++++
2021-05-12T21:45:14.101Z - [info]: EPOCH DATA: epoch 31 submit will end in: 119899ms, reveal in: 149899ms, submitPeriod: 120000ms, revealPeriod: 30000ms
2021-05-12T21:45:34.389Z - [info]: RandomPriceProvider(XRP/USD) | Revealing price for 30
2021-05-12T21:45:39.413Z - [info]: RandomPriceProvider(XRP/USD) | Reveal finished for 30 in 5024ms
2021-05-12T21:45:39.413Z - [info]: RandomPriceProvider(XDG/USD) | Revealing price for 30
2021-05-12T21:45:44.001Z - [info]: REVEAL ENDED FOR 30
2021-05-12T21:45:44.001Z - [info]: +++++++++++++++++++++++++++++++++++++++++++++++++++++++++++++++++++++
2021-05-12T21:45:45.440Z - [info]: RandomPriceProvider(XDG/USD) | Reveal finished for 30 in 6027ms
2021-05-12T21:46:34.501Z - [info]: RandomPriceProvider(XRP/USD) | Submitting price: 3.00000 $ for 31
2021-05-12T21:46:39.544Z - [info]: RandomPriceProvider(XDG/USD) | Submitting price: 4.00000 $ for 31
2021-05-12T21:47:14.000Z - [info]: SUBMIT ENDED FOR  31
2021-05-12T21:47:14.001Z - [info]: -------------------------------------------------------------
2021-05-12T21:47:14.100Z - [info]: +++++++++++++++++++++++++++++++++++++++++++++++++++++++++++++++++++++
2021-05-12T21:47:14.100Z - [info]: EPOCH DATA: epoch 32 submit will end in: 119900ms, reveal in: 149900ms, submitPeriod: 120000ms, revealPeriod: 30000ms
2021-05-12T21:47:17.612Z - [info]: +++++++++++++++++++++++++++++++++++++++++++++++++++++++++++++++++++++
2021-05-12T21:47:17.614Z - [info]: EPOCH DATA: epoch 32 submit will end in: 116388ms, reveal in: 146388ms, submitPeriod: 120000ms, revealPeriod: 30000ms
2021-05-12T21:47:44.423Z - [info]: +++++++++++++++++++++++++++++++++++++++++++++++++++++++++++++++++++++
2021-05-12T21:47:44.425Z - [info]: EPOCH DATA: epoch 32 submit will end in: 89577ms, reveal in: 119577ms, submitPeriod: 120000ms, revealPeriod: 30000ms
2021-05-12T21:48:34.456Z - [info]: RandomPriceProvider(XRP/USD) | Submitting price: 5.00000 $ for 32
2021-05-12T21:48:39.495Z - [info]: RandomPriceProvider(XDG/USD) | Submitting price: 2.00000 $ for 32
2021-05-12T21:48:40.420Z - [info]: RandomPriceProvider(XRP/USD) | Price submitted in epoch 32
2021-05-12T21:48:48.417Z - [info]: RandomPriceProvider(XDG/USD) | Price submitted in epoch 32
2021-05-12T21:49:14.001Z - [info]: SUBMIT ENDED FOR  32
2021-05-12T21:49:14.001Z - [info]: -------------------------------------------------------------
2021-05-12T21:49:14.102Z - [info]: +++++++++++++++++++++++++++++++++++++++++++++++++++++++++++++++++++++
2021-05-12T21:49:14.102Z - [info]: EPOCH DATA: epoch 33 submit will end in: 119898ms, reveal in: 149898ms, submitPeriod: 120000ms, revealPeriod: 30000ms
2021-05-12T21:49:34.081Z - [info]: RandomPriceProvider(XRP/USD) | Revealing price for 32
2021-05-12T21:49:39.113Z - [info]: RandomPriceProvider(XRP/USD) | Reveal finished for 32 in 5031ms
2021-05-12T21:49:39.113Z - [info]: RandomPriceProvider(XDG/USD) | Revealing price for 32
2021-05-12T21:49:40.432Z - [info]: RandomPriceProvider(XRP/USD) | Price revealed in epoch 32: 5.00000$
2021-05-12T21:49:40.433Z - [info]: RandomPriceProvider(XRP/USD) | Price that was submitted: 5.00000$
2021-05-12T21:49:44.001Z - [info]: REVEAL ENDED FOR 32
2021-05-12T21:49:44.001Z - [info]: +++++++++++++++++++++++++++++++++++++++++++++++++++++++++++++++++++++
2021-05-12T21:49:45.140Z - [info]: RandomPriceProvider(XDG/USD) | Reveal finished for 32 in 6027ms
2021-05-12T21:49:48.427Z - [info]: RandomPriceProvider(XDG/USD) | Price revealed in epoch 32: 2.00000$
2021-05-12T21:49:48.427Z - [info]: RandomPriceProvider(XDG/USD) | Price that was submitted: 2.00000$
2021-05-12T21:50:34.203Z - [info]: RandomPriceProvider(XRP/USD) | Submitting price: 4.00000 $ for 33
2021-05-12T21:50:39.236Z - [info]: RandomPriceProvider(XDG/USD) | Submitting price: 3.00000 $ for 33
2021-05-12T21:50:40.441Z - [info]: RandomPriceProvider(XRP/USD) | Price submitted in epoch 33
2021-05-12T21:50:48.427Z - [info]: RandomPriceProvider(XDG/USD) | Price submitted in epoch 33
2021-05-12T21:51:14.001Z - [info]: SUBMIT ENDED FOR  33
2021-05-12T21:51:14.002Z - [info]: -------------------------------------------------------------
2021-05-12T21:51:14.102Z - [info]: +++++++++++++++++++++++++++++++++++++++++++++++++++++++++++++++++++++
2021-05-12T21:51:14.102Z - [info]: EPOCH DATA: epoch 34 submit will end in: 119898ms, reveal in: 149898ms, submitPeriod: 120000ms, revealPeriod: 30000ms
